\BOOKMARK [1][-]{section.1}{"F19D 教育经历}{}% 1
\BOOKMARK [2][-]{subsection.1.1}{南京理工大学}{section.1}% 2
\BOOKMARK [2][-]{subsection.1.2}{筑波大学}{section.1}% 3
\BOOKMARK [1][-]{section.2}{"F0C0 工作经历}{}% 4
\BOOKMARK [2][-]{subsection.2.1}{微软亚洲研究院, 北京, 中国}{section.2}% 5
\BOOKMARK [1][-]{section.3}{"F08A 常规}{}% 6
\BOOKMARK [1][-]{section.4}{"F113 个人专业项目}{}% 7
\BOOKMARK [2][-]{subsection.4.1}{Restrain-JIT}{section.4}% 8
\BOOKMARK [2][-]{subsection.4.2}{moshmosh}{section.4}% 9
\BOOKMARK [2][-]{subsection.4.3}{YAPyPy}{section.4}% 10
\BOOKMARK [2][-]{subsection.4.4}{MLStyle.jl}{section.4}% 11
\BOOKMARK [2][-]{subsection.4.5}{FSTan}{section.4}% 12
\BOOKMARK [2][-]{subsection.4.6}{RSolve}{section.4}% 13
\BOOKMARK [2][-]{subsection.4.7}{CanonicalTraits.jl}{section.4}% 14
\BOOKMARK [2][-]{subsection.4.8}{GeneralizedGenerated.jl}{section.4}% 15
\BOOKMARK [2][-]{subsection.4.9}{LanguageCollections}{section.4}% 16
\BOOKMARK [1][-]{section.5}{"F085 专业技能}{}% 17
\BOOKMARK [2][-]{subsection.5.1}{编译器 - 前端}{section.5}% 18
\BOOKMARK [2][-]{subsection.5.2}{编译器 - 中端}{section.5}% 19
\BOOKMARK [2][-]{subsection.5.3}{编译器 - 后端}{section.5}% 20
\BOOKMARK [2][-]{subsection.5.4}{函数式编程}{section.5}% 21
\BOOKMARK [2][-]{subsection.5.5}{机器学习}{section.5}% 22
\BOOKMARK [1][-]{section.6}{"F129 其他}{}% 23
