\BOOKMARK [1][-]{section.1}{"F19D\040Education}{}% 1
\BOOKMARK [2][-]{subsection.1.1}{Nanjing\040University\040of\040Science\040and\040Technology,\040Jiangsu,\040China}{section.1}% 2
\BOOKMARK [2][-]{subsection.1.2}{Nanjing\040University\040of\040Science\040and\040Technology,\040Jiangsu,\040China}{section.1}% 3
\BOOKMARK [1][-]{section.2}{"F0C0\040Work\040Experience}{}% 4
\BOOKMARK [2][-]{subsection.2.1}{Microsoft\040Research\040Asia,\040Beijing,\040China}{section.2}% 5
\BOOKMARK [1][-]{section.3}{"F113\040Personal\040Projects}{}% 6
\BOOKMARK [2][-]{subsection.3.1}{Restrain-JIT}{section.3}% 7
\BOOKMARK [2][-]{subsection.3.2}{moshmosh}{section.3}% 8
\BOOKMARK [2][-]{subsection.3.3}{YAPyPy}{section.3}% 9
\BOOKMARK [2][-]{subsection.3.4}{MLStyle.jl}{section.3}% 10
\BOOKMARK [2][-]{subsection.3.5}{FSTan}{section.3}% 11
\BOOKMARK [2][-]{subsection.3.6}{RSolve}{section.3}% 12
\BOOKMARK [2][-]{subsection.3.7}{LanguageCollections}{section.3}% 13
\BOOKMARK [2][-]{subsection.3.8}{CanonicalTraits.jl}{section.3}% 14
\BOOKMARK [2][-]{subsection.3.9}{GeneralizedGenerated.jl}{section.3}% 15
\BOOKMARK [1][-]{section.4}{"F085\040Skills}{}% 16
\BOOKMARK [2][-]{subsection.4.1}{Compiler\040-\040Front\040End}{section.4}% 17
\BOOKMARK [2][-]{subsection.4.2}{Compiler\040-\040Middle\040End}{section.4}% 18
\BOOKMARK [2][-]{subsection.4.3}{Compiler\040-\040Back\040End}{section.4}% 19
\BOOKMARK [2][-]{subsection.4.4}{Compiler\040-\040Others}{section.4}% 20
\BOOKMARK [2][-]{subsection.4.5}{Functional\040Programming}{section.4}% 21
\BOOKMARK [2][-]{subsection.4.6}{Machine\040Learning}{section.4}% 22
\BOOKMARK [1][-]{section.5}{"F129\040Miscellaneous}{}% 23
